<?xml version="1.0" encoding="UTF-8"?>
<testng-results ignored="0" total="4" passed="4" failed="0" skipped="0">
  <reporter-output>
  </reporter-output>
  <suite started-at="2023-11-23T21:30:20 PST" name="Default suite" finished-at="2023-11-23T21:30:22 PST" duration-ms="2040">
    <groups>
    </groups>
    <test started-at="2023-11-23T21:30:20 PST" name="Default test" finished-at="2023-11-23T21:30:22 PST" duration-ms="2040">
      <class name="api.tests.InvalidData">
        <test-method signature="invalidCredentials()[pri:0, instance:api.tests.InvalidData@710c2b53]" started-at="2023-11-23T21:30:20 PST" name="invalidCredentials" finished-at="2023-11-23T21:30:21 PST" duration-ms="1310" status="PASS">
          <reporter-output>
          </reporter-output>
        </test-method> <!-- invalidCredentials -->
        <test-method signature="invalidEndpoint()[pri:0, instance:api.tests.InvalidData@710c2b53]" started-at="2023-11-23T21:30:21 PST" name="invalidEndpoint" finished-at="2023-11-23T21:30:21 PST" duration-ms="275" status="PASS">
          <reporter-output>
          </reporter-output>
        </test-method> <!-- invalidEndpoint -->
        <test-method signature="wrongJson()[pri:0, instance:api.tests.InvalidData@710c2b53]" started-at="2023-11-23T21:30:21 PST" name="wrongJson" finished-at="2023-11-23T21:30:22 PST" duration-ms="181" status="PASS">
          <reporter-output>
          </reporter-output>
        </test-method> <!-- wrongJson -->
        <test-method signature="wrongRequest()[pri:0, instance:api.tests.InvalidData@710c2b53]" started-at="2023-11-23T21:30:22 PST" name="wrongRequest" finished-at="2023-11-23T21:30:22 PST" duration-ms="229" status="PASS">
          <reporter-output>
          </reporter-output>
        </test-method> <!-- wrongRequest -->
      </class> <!-- api.tests.InvalidData -->
    </test> <!-- Default test -->
  </suite> <!-- Default suite -->
</testng-results>
